<?xml version="1.0" encoding="UTF-8"?>
<!-- Generated by org.testng.reporters.JUnitXMLReporter -->
<testsuite ignored="1" hostname="nitro-5" failures="0" tests="2" name="Test" time="4.118" errors="0" timestamp="2025-06-03T23:59:13 IST">
  <testcase classname="com.seleniumframework.base.BaseTest" name="@BeforeMethod setup" time="0.001">
    <failure type="java.lang.NullPointerException" message="Cannot invoke &amp;quot;java.util.Properties.getProperty(String)&amp;quot; because &amp;quot;this.prop&amp;quot; is null">
      <![CDATA[java.lang.NullPointerException: Cannot invoke "java.util.Properties.getProperty(String)" because "this.prop" is null
at com.seleniumframework.base.BaseTest.launchBrowser(BaseTest.java:34)
at com.seleniumframework.base.BaseTest.setup(BaseTest.java:54)
at java.base/java.util.ArrayList.forEach(ArrayList.java:1596)
... Removed 29 stack frames]]>
    </failure>
  </testcase> <!-- @BeforeMethod setup -->
  <testcase classname="com.seleniumframework.base.BaseTest" name="@AfterMethod teardown" time="0.0">
    <skipped/>
  </testcase> <!-- @AfterMethod teardown -->
  <testcase classname="com.seleniumframework.test.DummyTest" name="test1" time="0.017"/>
  <testcase classname="com.seleniumframework.test.DummyTest2" name="test1" time="0.0">
    <skipped/>
  </testcase> <!-- test1 -->
  <testcase classname="com.seleniumframework.base.BaseTest" name="@BeforeSuite propertyLoader" time="0.0">
    <ignored/>
  </testcase> <!-- @BeforeSuite propertyLoader -->
</testsuite> <!-- Test -->
